0 info it worked if it ends with ok
1 verbose cli [ '/usr/local/bin/node', '/usr/local/bin/npm', 'i', '-g', 'bower' ]
2 info using npm@2.15.5
3 info using node@v4.4.5
4 verbose install initial load of /usr/local/lib/package.json
5 verbose readDependencies loading dependencies from /usr/local/lib/package.json
6 silly cache add args [ 'bower', null ]
7 verbose cache add spec bower
8 silly cache add parsed spec Result {
8 silly cache add   raw: 'bower',
8 silly cache add   scope: null,
8 silly cache add   name: 'bower',
8 silly cache add   rawSpec: '',
8 silly cache add   spec: 'latest',
8 silly cache add   type: 'tag' }
9 silly addNamed bower@latest
10 verbose addNamed "latest" is being treated as a dist-tag for bower
11 info addNameTag [ 'bower', 'latest' ]
12 silly mapToRegistry name bower
13 silly mapToRegistry using default registry
14 silly mapToRegistry registry https://registry.npmjs.org/
15 silly mapToRegistry data Result {
15 silly mapToRegistry   raw: 'bower',
15 silly mapToRegistry   scope: null,
15 silly mapToRegistry   name: 'bower',
15 silly mapToRegistry   rawSpec: '',
15 silly mapToRegistry   spec: 'latest',
15 silly mapToRegistry   type: 'tag' }
16 silly mapToRegistry uri https://registry.npmjs.org/bower
17 verbose addNameTag registry:https://registry.npmjs.org/bower not in flight; fetching
18 verbose request uri https://registry.npmjs.org/bower
19 verbose request no auth needed
20 info attempt registry request try #1 at 2:26:38 PM
21 verbose request id f964ada95f500634
22 verbose etag W/"587fedb4-2ad5f"
23 verbose lastModified Wed, 18 Jan 2017 22:35:32 GMT
24 http request GET https://registry.npmjs.org/bower
25 http 304 https://registry.npmjs.org/bower
26 verbose headers { date: 'Fri, 20 Jan 2017 14:26:39 GMT',
26 verbose headers   via: '1.1 varnish',
26 verbose headers   'cache-control': 'max-age=300',
26 verbose headers   etag: 'W/"587fedb4-2ad5f"',
26 verbose headers   age: '29',
26 verbose headers   connection: 'keep-alive',
26 verbose headers   'x-served-by': 'cache-cdg8734-CDG',
26 verbose headers   'x-cache': 'HIT',
26 verbose headers   'x-cache-hits': '2',
26 verbose headers   'x-timer': 'S1484922399.926864,VS0,VE0',
26 verbose headers   vary: 'Accept-Encoding' }
27 silly get cb [ 304,
27 silly get   { date: 'Fri, 20 Jan 2017 14:26:39 GMT',
27 silly get     via: '1.1 varnish',
27 silly get     'cache-control': 'max-age=300',
27 silly get     etag: 'W/"587fedb4-2ad5f"',
27 silly get     age: '29',
27 silly get     connection: 'keep-alive',
27 silly get     'x-served-by': 'cache-cdg8734-CDG',
27 silly get     'x-cache': 'HIT',
27 silly get     'x-cache-hits': '2',
27 silly get     'x-timer': 'S1484922399.926864,VS0,VE0',
27 silly get     vary: 'Accept-Encoding' } ]
28 verbose etag https://registry.npmjs.org/bower from cache
29 verbose get saving bower to /Users/anasilva/.npm/registry.npmjs.org/bower/.cache.json
30 verbose correctMkdir /Users/anasilva/.npm correctMkdir not in flight; initializing
31 silly addNameTag next cb for bower with tag latest
32 silly addNamed bower@1.8.0
33 verbose addNamed "1.8.0" is a plain semver version for bower
34 silly cache afterAdd bower@1.8.0
35 verbose afterAdd /Users/anasilva/.npm/bower/1.8.0/package/package.json not in flight; writing
36 verbose correctMkdir /Users/anasilva/.npm correctMkdir not in flight; initializing
37 verbose afterAdd /Users/anasilva/.npm/bower/1.8.0/package/package.json written
38 silly install resolved [ { name: 'bower',
38 silly install resolved     version: '1.8.0',
38 silly install resolved     description: 'The browser package manager',
38 silly install resolved     author: { name: 'Twitter' },
38 silly install resolved     license: 'MIT',
38 silly install resolved     repository: { type: 'git', url: 'git+https://github.com/bower/bower.git' },
38 silly install resolved     main: 'lib',
38 silly install resolved     bin: { bower: 'bin/bower' },
38 silly install resolved     homepage: 'http://bower.io',
38 silly install resolved     engines: { node: '>=0.10.0' },
38 silly install resolved     keywords: [ 'bower' ],
38 silly install resolved     files: [ 'bin', 'lib' ],
38 silly install resolved     bugs: { url: 'https://github.com/bower/bower/issues' },
38 silly install resolved     _id: 'bower@1.8.0',
38 silly install resolved     scripts: {},
38 silly install resolved     _shasum: '55dbebef0ad9155382d9e9d3e497c1372345b44a',
38 silly install resolved     _from: 'bower@latest',
38 silly install resolved     _npmVersion: '3.10.9',
38 silly install resolved     _nodeVersion: '4.4.6',
38 silly install resolved     _npmUser: { name: 'sheerun', email: 'sheerun@sher.pl' },
38 silly install resolved     dist:
38 silly install resolved      { shasum: '55dbebef0ad9155382d9e9d3e497c1372345b44a',
38 silly install resolved        tarball: 'https://registry.npmjs.org/bower/-/bower-1.8.0.tgz' },
38 silly install resolved     maintainers:
38 silly install resolved      [ [Object],
38 silly install resolved        [Object],
38 silly install resolved        [Object],
38 silly install resolved        [Object],
38 silly install resolved        [Object],
38 silly install resolved        [Object],
38 silly install resolved        [Object] ],
38 silly install resolved     _npmOperationalInternal:
38 silly install resolved      { host: 'packages-18-east.internal.npmjs.com',
38 silly install resolved        tmp: 'tmp/bower-1.8.0.tgz_1478512918020_0.7136248126626015' },
38 silly install resolved     directories: {},
38 silly install resolved     _resolved: 'https://registry.npmjs.org/bower/-/bower-1.8.0.tgz',
38 silly install resolved     readme: 'ERROR: No README data found!' } ]
39 info install bower@1.8.0 into /usr/local/lib
40 info installOne bower@1.8.0
41 verbose installOne of bower to /usr/local/lib not in flight; installing
42 verbose correctMkdir /Users/anasilva/.npm/_locks correctMkdir not in flight; initializing
43 verbose lock using /Users/anasilva/.npm/_locks/bower-e8debc5417026b57.lock for /usr/local/lib/node_modules/bower
44 silly install write writing bower 1.8.0 to /usr/local/lib/node_modules/bower
45 verbose unbuild lib/node_modules/bower
46 info preuninstall bower@1.7.9
47 info uninstall bower@1.7.9
48 verbose unbuild rmStuff bower@1.7.9 from /usr/local/lib/node_modules
49 silly gentlyRm /usr/local/bin/bower is being gently removed
50 silly gentlyRm verifying /usr/local is an npm working directory
51 silly gentlyRm containing path /usr/local is under npm's control, in /usr/local
52 silly gentlyRm deletion target /usr/local/bin/bower is under /usr/local
53 verbose gentlyRm vacuuming from /usr/local/bin/bower up to /usr/local
54 silly vacuum-fs removing /usr/local/bin/bower
55 silly vacuum-fs quitting because other entries in /usr/local/bin
56 info postuninstall bower@1.7.9
57 silly gentlyRm /usr/local/lib/node_modules/bower is being purged from base /usr/local
58 verbose gentlyRm don't care about contents; nuking /usr/local/lib/node_modules/bower
59 silly vacuum-fs purging /usr/local/lib/node_modules/bower
60 verbose unlock done using /Users/anasilva/.npm/_locks/bower-e8debc5417026b57.lock for /usr/local/lib/node_modules/bower
61 verbose stack Error: EACCES: permission denied, rmdir '/usr/local/lib/node_modules/bower'
61 verbose stack     at Error (native)
62 verbose cwd /Users/anasilva/Sites/shopping_Ana-Silva
63 error Darwin 15.6.0
64 error argv "/usr/local/bin/node" "/usr/local/bin/npm" "i" "-g" "bower"
65 error node v4.4.5
66 error npm  v2.15.5
67 error path /usr/local/lib/node_modules/bower
68 error code EACCES
69 error errno -13
70 error syscall rmdir
71 error Error: EACCES: permission denied, rmdir '/usr/local/lib/node_modules/bower'
71 error     at Error (native)
71 error  { [Error: EACCES: permission denied, rmdir '/usr/local/lib/node_modules/bower']
71 error   errno: -13,
71 error   code: 'EACCES',
71 error   syscall: 'rmdir',
71 error   path: '/usr/local/lib/node_modules/bower' }
72 error Please try running this command again as root/Administrator.
73 verbose exit [ -13, true ]
74 verbose unbuild lib/node_modules/bower
75 info preuninstall bower@1.7.9
76 info uninstall bower@1.7.9
77 verbose unbuild rmStuff bower@1.7.9 from /usr/local/lib/node_modules
78 silly gentlyRm /usr/local/bin/bower is being gently removed
79 silly gentlyRm verifying /usr/local is an npm working directory
80 silly gentlyRm containing path /usr/local is under npm's control, in /usr/local
81 silly gentlyRm deletion target /usr/local/bin/bower is under /usr/local
82 verbose gentlyRm vacuuming from /usr/local/bin/bower up to /usr/local
83 info postuninstall bower@1.7.9
84 silly gentlyRm /usr/local/lib/node_modules/bower is being purged from base /usr/local
85 verbose gentlyRm don't care about contents; nuking /usr/local/lib/node_modules/bower
86 silly vacuum-fs purging /usr/local/lib/node_modules/bower
87 error error rolling back Error: EACCES: permission denied, rmdir '/usr/local/lib/node_modules/bower'
87 error error rolling back     at Error (native)
87 error error rolling back  { [Error: EACCES: permission denied, rmdir '/usr/local/lib/node_modules/bower']
87 error error rolling back   errno: -13,
87 error error rolling back   code: 'EACCES',
87 error error rolling back   syscall: 'rmdir',
87 error error rolling back   path: '/usr/local/lib/node_modules/bower' }
